<?xml version="1.0" encoding="UTF-8"?>
<!-- Generated by org.testng.reporters.JUnitReportReporter -->
<testsuite hostname="admin-PC" name="TestCases.SeleniumApi" tests="1" failures="0" timestamp="21 Aug 2016 09:16:10 GMT" time="23.760" errors="0">
  <testcase name="ApiDemo" time="23.760" classname="TestCases.SeleniumApi"/>
</testsuite> <!-- TestCases.SeleniumApi -->
