<?xml version="1.0" encoding="UTF-8"?>
<!-- Generated by org.testng.reporters.JUnitReportReporter -->
<testsuite hostname="admin-PC" name="TestCases.HelloWorld" tests="1" failures="0" timestamp="18 Aug 2016 10:18:20 GMT" time="10.572" errors="0">
  <testcase name="demo" time="10.572" classname="TestCases.HelloWorld"/>
</testsuite> <!-- TestCases.HelloWorld -->
