<?xml version="1.0" encoding="UTF-8"?>
<!-- Generated by org.testng.reporters.JUnitReportReporter -->
<testsuite hostname="admin-PC" name="TestCases.LoginTest" tests="1" failures="0" timestamp="26 Aug 2016 07:19:23 GMT" time="81.183" errors="0">
  <testcase name="testlogin" time="81.183" classname="TestCases.LoginTest"/>
</testsuite> <!-- TestCases.LoginTest -->
